<?xml version="1.0" encoding="utf-8"?>
<packages>
  <package id="Machine.Specifications" version="0.4.13.0" />
  <package id="NUnit" version="2.5.7.10213" allowedVersions="[2.5.0, 2.5.111)" />
</packages>