<?xml version="1.0" encoding="utf-8"?>
<packages>
  <package id="elmah" version="1.1" allowedVersions="(1.0, 5.5)"/>
</packages>